{
  "RSpec": {
    "coverage": {
      "/Users/annawu/Documents/My Files/WebDev/career-bootcamp/careerBootcamp/spec/spec_helper.rb": [
        null,
        null,
        null,
        null,
        null,
        null,
        null,
        null,
        null,
        null,
        null,
        null,
        null,
        null,
        null,
        null,
        null,
        null,
        1,
        null,
        null,
        null,
        1,
        null,
        null,
        null,
        null,
        null,
        null,
        null,
        1,
        null,
        null,
        null,
        null,
        1,
        null,
        null,
        null,
        1,
        null,
        null,
        null,
        null,
        null,
        null,
        null,
        null,
        null,
        null,
        null,
        null,
        null,
        null,
        null,
        null,
        null,
        null,
        null,
        null,
        null,
        null,
        null,
        null,
        null,
        null,
        null,
        null,
        null,
        null,
        null,
        null,
        null,
        null,
        null,
        null,
        null,
        null,
        null,
        null,
        null,
        null,
        null,
        null,
        null,
        null,
        null
      ],
      "/Users/annawu/Documents/My Files/WebDev/career-bootcamp/careerBootcamp/config/environment.rb": [
        null,
        1,
        null,
        null,
        1
      ],
      "/Users/annawu/Documents/My Files/WebDev/career-bootcamp/careerBootcamp/config/application.rb": [
        1,
        null,
        null,
        1,
        1,
        1,
        1,
        1,
        1,
        1,
        null,
        null,
        null,
        null,
        1,
        null,
        1,
        1,
        null,
        null,
        null,
        null,
        null,
        null,
        null,
        null,
        null,
        null,
        null,
        null,
        null,
        1,
        null,
        null
      ],
      "/Users/annawu/Documents/My Files/WebDev/career-bootcamp/careerBootcamp/config/boot.rb": [
        1,
        null,
        1
      ],
      "/Users/annawu/Documents/My Files/WebDev/career-bootcamp/careerBootcamp/config/environments/test.rb": [
        1,
        null,
        null,
        null,
        null,
        null,
        null,
        1,
        null,
        null,
        null,
        null,
        1,
        null,
        null,
        1,
        1,
        null,
        null,
        1,
        1,
        null,
        null,
        1,
        null,
        null,
        1,
        null,
        null,
        null,
        null,
        1,
        null,
        null,
        1,
        null,
        null,
        1,
        null,
        null,
        null,
        null
      ],
      "/Users/annawu/Documents/My Files/WebDev/career-bootcamp/careerBootcamp/config/initializers/assets.rb": [
        null,
        null,
        null,
        1,
        null,
        null,
        null,
        null,
        null,
        null,
        null
      ],
      "/Users/annawu/Documents/My Files/WebDev/career-bootcamp/careerBootcamp/config/initializers/backtrace_silencers.rb": [
        null,
        null,
        null,
        null,
        null,
        null,
        null
      ],
      "/Users/annawu/Documents/My Files/WebDev/career-bootcamp/careerBootcamp/config/initializers/cookies_serializer.rb": [
        null,
        null,
        1
      ],
      "/Users/annawu/Documents/My Files/WebDev/career-bootcamp/careerBootcamp/config/initializers/filter_parameter_logging.rb": [
        null,
        null,
        null,
        1
      ],
      "/Users/annawu/Documents/My Files/WebDev/career-bootcamp/careerBootcamp/config/initializers/inflections.rb": [
        null,
        null,
        null,
        null,
        null,
        null,
        null,
        null,
        null,
        null,
        null,
        null,
        null,
        null,
        null,
        null
      ],
      "/Users/annawu/Documents/My Files/WebDev/career-bootcamp/careerBootcamp/config/initializers/mime_types.rb": [
        null,
        null,
        null,
        null
      ],
      "/Users/annawu/Documents/My Files/WebDev/career-bootcamp/careerBootcamp/config/initializers/session_store.rb": [
        null,
        null,
        1
      ],
      "/Users/annawu/Documents/My Files/WebDev/career-bootcamp/careerBootcamp/config/initializers/wrap_parameters.rb": [
        null,
        null,
        null,
        null,
        null,
        null,
        1,
        1,
        null,
        null,
        null,
        null,
        null,
        null
      ],
      "/Users/annawu/Documents/My Files/WebDev/career-bootcamp/careerBootcamp/spec/factories/answers.rb": [
        1,
        1,
        null,
        null,
        null,
        null
      ],
      "/Users/annawu/Documents/My Files/WebDev/career-bootcamp/careerBootcamp/spec/factories/questions.rb": [
        1,
        1,
        null,
        null,
        null,
        null
      ],
      "/Users/annawu/Documents/My Files/WebDev/career-bootcamp/careerBootcamp/spec/factories/resources.rb": [
        1,
        1,
        null,
        null,
        null,
        null
      ],
      "/Users/annawu/Documents/My Files/WebDev/career-bootcamp/careerBootcamp/spec/factories/topics.rb": [
        1,
        1,
        null,
        null,
        null,
        null
      ],
      "/Users/annawu/Documents/My Files/WebDev/career-bootcamp/careerBootcamp/spec/factories/users.rb": [
        1,
        1,
        10,
        10,
        11,
        null,
        null,
        null
      ],
      "/Users/annawu/Documents/My Files/WebDev/career-bootcamp/careerBootcamp/config/routes.rb": [
        1,
        null,
        null,
        null,
        null,
        null,
        null,
        1,
        1,
        1,
        1,
        1,
        1,
        null,
        null,
        null,
        null,
        null,
        null,
        null,
        null,
        null,
        null,
        null,
        null,
        null,
        null,
        null,
        null,
        null,
        null,
        null,
        null,
        null,
        null,
        null,
        null,
        null,
        null,
        null,
        null,
        null,
        null,
        null,
        null,
        null,
        null,
        null,
        null,
        null,
        null,
        null,
        null,
        null,
        null,
        null,
        null,
        null,
        null,
        null,
        null,
        null,
        null
      ],
      "/Users/annawu/Documents/My Files/WebDev/career-bootcamp/careerBootcamp/app/helpers/application_helper.rb": [
        1,
        null
      ],
      "/Users/annawu/Documents/My Files/WebDev/career-bootcamp/careerBootcamp/app/helpers/questions_helper.rb": [
        1,
        null
      ],
      "/Users/annawu/Documents/My Files/WebDev/career-bootcamp/careerBootcamp/app/helpers/sessions_helper.rb": [
        1,
        null,
        1,
        0,
        null,
        null,
        1,
        0,
        null,
        null,
        1,
        0,
        null,
        null,
        1,
        0,
        0,
        null,
        null
      ],
      "/Users/annawu/Documents/My Files/WebDev/career-bootcamp/careerBootcamp/app/helpers/users_helper.rb": [
        1,
        null
      ],
      "/Users/annawu/Documents/My Files/WebDev/career-bootcamp/careerBootcamp/spec/support/databasecleaner.rb": [
        null,
        null,
        1,
        null,
        1,
        1,
        null,
        null,
        1,
        8,
        null,
        null,
        1,
        0,
        null,
        null,
        1,
        8,
        null,
        null,
        1,
        8,
        null,
        null,
        null
      ],
      "/Users/annawu/Documents/My Files/WebDev/career-bootcamp/careerBootcamp/spec/support/factorygirl.rb": [
        null,
        null,
        1,
        1,
        null,
        1,
        1,
        1,
        1,
        null,
        1,
        null,
        null,
        null
      ],
      "/Users/annawu/Documents/My Files/WebDev/career-bootcamp/careerBootcamp/app/controllers/questions_controller.rb": [
        1,
        null,
        1,
        0,
        0,
        null,
        null,
        1,
        0,
        0,
        0,
        null,
        null,
        1,
        0,
        0,
        0,
        null,
        0,
        null,
        null,
        null,
        1,
        0,
        null,
        null,
        1,
        0,
        0,
        0,
        null,
        0,
        null,
        null,
        null,
        1,
        0,
        0,
        null,
        null,
        1,
        0,
        0,
        null,
        null,
        1,
        0,
        0,
        null,
        null,
        1,
        null,
        1,
        0,
        null,
        null,
        null
      ],
      "/Users/annawu/Documents/My Files/WebDev/career-bootcamp/careerBootcamp/app/controllers/application_controller.rb": [
        1,
        null,
        null,
        1,
        1,
        null
      ],
      "/Users/annawu/Documents/My Files/WebDev/career-bootcamp/careerBootcamp/spec/controllers/users_controller_spec.rb": [
        1,
        null,
        1,
        null,
        1,
        2,
        null,
        null,
        1,
        1,
        1,
        1,
        null,
        null,
        null,
        null,
        1,
        1,
        1,
        1,
        null,
        2,
        null,
        null,
        null,
        null,
        null
      ],
      "/Users/annawu/Documents/My Files/WebDev/career-bootcamp/careerBootcamp/app/controllers/users_controller.rb": [
        1,
        1,
        null,
        null,
        null,
        1,
        null,
        0,
        null,
        null,
        1,
        null,
        0,
        null,
        null,
        1,
        null,
        null,
        null,
        1,
        null,
        1,
        1,
        0,
        0,
        0,
        null,
        1,
        null,
        null,
        null,
        1,
        null,
        null,
        null,
        1,
        null,
        null,
        null,
        1,
        null,
        1,
        1,
        null,
        null
      ],
      "/Users/annawu/Documents/My Files/WebDev/career-bootcamp/careerBootcamp/spec/helpers/questions_helper_spec.rb": [
        1,
        null,
        null,
        null,
        null,
        null,
        null,
        null,
        null,
        null,
        null,
        null,
        1,
        1,
        null
      ],
      "/Users/annawu/Documents/My Files/WebDev/career-bootcamp/careerBootcamp/spec/helpers/users_helper_spec.rb": [
        1,
        null,
        null,
        null,
        null,
        null,
        null,
        null,
        null,
        null,
        null,
        null,
        1,
        1,
        null
      ],
      "/Users/annawu/Documents/My Files/WebDev/career-bootcamp/careerBootcamp/spec/models/answer_spec.rb": [
        1,
        null,
        1,
        1,
        null
      ],
      "/Users/annawu/Documents/My Files/WebDev/career-bootcamp/careerBootcamp/app/models/answer.rb": [
        1,
        1,
        null,
        1,
        0,
        0,
        null,
        null,
        1,
        0,
        0,
        null,
        null
      ],
      "/Users/annawu/Documents/My Files/WebDev/career-bootcamp/careerBootcamp/spec/models/question_spec.rb": [
        1,
        null,
        1,
        1,
        null
      ],
      "/Users/annawu/Documents/My Files/WebDev/career-bootcamp/careerBootcamp/app/models/question.rb": [
        1,
        1,
        1,
        1,
        1,
        null,
        1,
        0,
        0,
        null,
        null,
        1,
        0,
        0,
        null,
        null
      ],
      "/Users/annawu/Documents/My Files/WebDev/career-bootcamp/careerBootcamp/spec/models/resource_spec.rb": [
        1,
        null,
        1,
        1,
        null
      ],
      "/Users/annawu/Documents/My Files/WebDev/career-bootcamp/careerBootcamp/app/models/resource.rb": [
        1,
        1,
        null,
        1,
        0,
        0,
        null,
        null,
        1,
        0,
        0,
        null,
        null
      ],
      "/Users/annawu/Documents/My Files/WebDev/career-bootcamp/careerBootcamp/spec/models/topic_spec.rb": [
        1,
        null,
        1,
        1,
        null
      ],
      "/Users/annawu/Documents/My Files/WebDev/career-bootcamp/careerBootcamp/app/models/topic.rb": [
        1,
        1,
        null
      ],
      "/Users/annawu/Documents/My Files/WebDev/career-bootcamp/careerBootcamp/spec/models/user_spec.rb": [
        1,
        null,
        1,
        null,
        1,
        1,
        1,
        null,
        null,
        1,
        1,
        1,
        null,
        null,
        1,
        1,
        null,
        null,
        1,
        1,
        1,
        null,
        null,
        1,
        1,
        null,
        null,
        1,
        1,
        null,
        null,
        null,
        null
      ],
      "/Users/annawu/Documents/My Files/WebDev/career-bootcamp/careerBootcamp/app/models/user.rb": [
        1,
        7,
        1,
        1,
        1,
        null,
        1,
        null,
        1,
        null,
        null,
        1,
        1,
        null,
        null,
        null,
        null,
        null,
        null,
        null,
        null,
        null,
        null,
        null,
        null,
        null,
        null,
        null
      ]
    },
    "timestamp": 1425619692
  }
}
